0 info it worked if it ends with ok
1 verbose cli [ 'C:\\Program Files\\nodejs\\\\node.exe',
1 verbose cli   'C:\\Program Files\\nodejs\\node_modules\\npm\\bin\\npm-cli.js',
1 verbose cli   'install',
1 verbose cli   'grunt-contrib-uglify',
1 verbose cli   'grunt-contrib-watch',
1 verbose cli   'grunt-modernizer',
1 verbose cli   'grunt-prettify' ]
2 info using npm@1.4.28
3 info using node@v0.10.36
4 verbose node symlink C:\Program Files\nodejs\\node.exe
5 warn package.json casadoprincipe@0.0.0 No description
6 warn package.json casadoprincipe@0.0.0 No repository field.
7 warn package.json casadoprincipe@0.0.0 No README data
8 verbose readDependencies using package.json deps
9 verbose cache add [ 'grunt-contrib-uglify', null ]
10 verbose cache add name=undefined spec="grunt-contrib-uglify" args=["grunt-contrib-uglify",null]
11 verbose parsed url { protocol: null,
11 verbose parsed url   slashes: null,
11 verbose parsed url   auth: null,
11 verbose parsed url   host: null,
11 verbose parsed url   port: null,
11 verbose parsed url   hostname: null,
11 verbose parsed url   hash: null,
11 verbose parsed url   search: null,
11 verbose parsed url   query: null,
11 verbose parsed url   pathname: 'grunt-contrib-uglify',
11 verbose parsed url   path: 'grunt-contrib-uglify',
11 verbose parsed url   href: 'grunt-contrib-uglify' }
12 verbose cache add [ 'grunt-contrib-watch', null ]
13 verbose cache add name=undefined spec="grunt-contrib-watch" args=["grunt-contrib-watch",null]
14 verbose parsed url { protocol: null,
14 verbose parsed url   slashes: null,
14 verbose parsed url   auth: null,
14 verbose parsed url   host: null,
14 verbose parsed url   port: null,
14 verbose parsed url   hostname: null,
14 verbose parsed url   hash: null,
14 verbose parsed url   search: null,
14 verbose parsed url   query: null,
14 verbose parsed url   pathname: 'grunt-contrib-watch',
14 verbose parsed url   path: 'grunt-contrib-watch',
14 verbose parsed url   href: 'grunt-contrib-watch' }
15 verbose cache add [ 'grunt-modernizer', null ]
16 verbose cache add name=undefined spec="grunt-modernizer" args=["grunt-modernizer",null]
17 verbose parsed url { protocol: null,
17 verbose parsed url   slashes: null,
17 verbose parsed url   auth: null,
17 verbose parsed url   host: null,
17 verbose parsed url   port: null,
17 verbose parsed url   hostname: null,
17 verbose parsed url   hash: null,
17 verbose parsed url   search: null,
17 verbose parsed url   query: null,
17 verbose parsed url   pathname: 'grunt-modernizer',
17 verbose parsed url   path: 'grunt-modernizer',
17 verbose parsed url   href: 'grunt-modernizer' }
18 verbose cache add [ 'grunt-prettify', null ]
19 verbose cache add name=undefined spec="grunt-prettify" args=["grunt-prettify",null]
20 verbose parsed url { protocol: null,
20 verbose parsed url   slashes: null,
20 verbose parsed url   auth: null,
20 verbose parsed url   host: null,
20 verbose parsed url   port: null,
20 verbose parsed url   hostname: null,
20 verbose parsed url   hash: null,
20 verbose parsed url   search: null,
20 verbose parsed url   query: null,
20 verbose parsed url   pathname: 'grunt-prettify',
20 verbose parsed url   path: 'grunt-prettify',
20 verbose parsed url   href: 'grunt-prettify' }
21 silly lockFile 9dabf0fb-grunt-contrib-uglify grunt-contrib-uglify
22 verbose lock grunt-contrib-uglify C:\Users\ace\AppData\Roaming\npm-cache\9dabf0fb-grunt-contrib-uglify.lock
23 silly lockFile 7f2b8bdb-grunt-contrib-watch grunt-contrib-watch
24 verbose lock grunt-contrib-watch C:\Users\ace\AppData\Roaming\npm-cache\7f2b8bdb-grunt-contrib-watch.lock
25 silly lockFile 8d91a9b6-grunt-modernizer grunt-modernizer
26 verbose lock grunt-modernizer C:\Users\ace\AppData\Roaming\npm-cache\8d91a9b6-grunt-modernizer.lock
27 silly lockFile 2b1b6788-grunt-prettify grunt-prettify
28 verbose lock grunt-prettify C:\Users\ace\AppData\Roaming\npm-cache\2b1b6788-grunt-prettify.lock
29 silly lockFile 9dabf0fb-grunt-contrib-uglify grunt-contrib-uglify
30 silly lockFile 9dabf0fb-grunt-contrib-uglify grunt-contrib-uglify
31 silly lockFile 7f2b8bdb-grunt-contrib-watch grunt-contrib-watch
32 silly lockFile 7f2b8bdb-grunt-contrib-watch grunt-contrib-watch
33 verbose addNamed [ 'grunt-contrib-uglify', '' ]
34 verbose addNamed [ null, '*' ]
35 silly lockFile 1f4692e4-grunt-contrib-uglify grunt-contrib-uglify@
36 verbose lock grunt-contrib-uglify@ C:\Users\ace\AppData\Roaming\npm-cache\1f4692e4-grunt-contrib-uglify.lock
37 silly lockFile 8d91a9b6-grunt-modernizer grunt-modernizer
38 silly lockFile 8d91a9b6-grunt-modernizer grunt-modernizer
39 silly lockFile 2b1b6788-grunt-prettify grunt-prettify
40 silly lockFile 2b1b6788-grunt-prettify grunt-prettify
41 verbose addNamed [ 'grunt-contrib-watch', '' ]
42 verbose addNamed [ null, '*' ]
43 silly lockFile b64937f1-grunt-contrib-watch grunt-contrib-watch@
44 verbose lock grunt-contrib-watch@ C:\Users\ace\AppData\Roaming\npm-cache\b64937f1-grunt-contrib-watch.lock
45 verbose addNamed [ 'grunt-modernizer', '' ]
46 verbose addNamed [ null, '*' ]
47 silly lockFile 85ec5dfe-grunt-modernizer grunt-modernizer@
48 verbose lock grunt-modernizer@ C:\Users\ace\AppData\Roaming\npm-cache\85ec5dfe-grunt-modernizer.lock
49 verbose addNamed [ 'grunt-prettify', '' ]
50 verbose addNamed [ null, '*' ]
51 silly lockFile 81ad31a0-grunt-prettify grunt-prettify@
52 verbose lock grunt-prettify@ C:\Users\ace\AppData\Roaming\npm-cache\81ad31a0-grunt-prettify.lock
53 silly addNameRange { name: 'grunt-contrib-uglify', range: '*', hasData: false }
54 silly addNameRange { name: 'grunt-contrib-watch', range: '*', hasData: false }
55 silly addNameRange { name: 'grunt-modernizer', range: '*', hasData: false }
56 silly addNameRange { name: 'grunt-prettify', range: '*', hasData: false }
57 verbose request where is /grunt-prettify
58 verbose request registry https://registry.npmjs.org/
59 verbose request id cd6b3e7abffcefab
60 verbose url raw /grunt-prettify
61 verbose url resolving [ 'https://registry.npmjs.org/', './grunt-prettify' ]
62 verbose url resolved https://registry.npmjs.org/grunt-prettify
63 verbose request where is https://registry.npmjs.org/grunt-prettify
64 info trying registry request attempt 1 at 22:06:14
65 http GET https://registry.npmjs.org/grunt-prettify
66 verbose request where is /grunt-modernizer
67 verbose request registry https://registry.npmjs.org/
68 verbose url raw /grunt-modernizer
69 verbose url resolving [ 'https://registry.npmjs.org/', './grunt-modernizer' ]
70 verbose url resolved https://registry.npmjs.org/grunt-modernizer
71 verbose request where is https://registry.npmjs.org/grunt-modernizer
72 info trying registry request attempt 1 at 22:06:14
73 http GET https://registry.npmjs.org/grunt-modernizer
74 verbose request where is /grunt-contrib-watch
75 verbose request registry https://registry.npmjs.org/
76 verbose url raw /grunt-contrib-watch
77 verbose url resolving [ 'https://registry.npmjs.org/', './grunt-contrib-watch' ]
78 verbose url resolved https://registry.npmjs.org/grunt-contrib-watch
79 verbose request where is https://registry.npmjs.org/grunt-contrib-watch
80 info trying registry request attempt 1 at 22:06:14
81 verbose etag "18NB134DF58IN7BZ75F93JY73"
82 http GET https://registry.npmjs.org/grunt-contrib-watch
83 verbose request where is /grunt-contrib-uglify
84 verbose request registry https://registry.npmjs.org/
85 verbose url raw /grunt-contrib-uglify
86 verbose url resolving [ 'https://registry.npmjs.org/', './grunt-contrib-uglify' ]
87 verbose url resolved https://registry.npmjs.org/grunt-contrib-uglify
88 verbose request where is https://registry.npmjs.org/grunt-contrib-uglify
89 info trying registry request attempt 1 at 22:06:14
90 verbose etag "D6I7VSGW1NJ3EJ7ZC9UNR4TY4"
91 http GET https://registry.npmjs.org/grunt-contrib-uglify
92 http 200 https://registry.npmjs.org/grunt-contrib-watch
93 silly registry.get cb [ 200,
93 silly registry.get   { server: 'CouchDB/1.5.0 (Erlang OTP/R16B03)',
93 silly registry.get     etag: '"9HY7IUXDNTKPFFNF5LOJK4Y9S"',
93 silly registry.get     'content-type': 'application/json',
93 silly registry.get     'cache-control': 'max-age=60',
93 silly registry.get     'content-length': '58456',
93 silly registry.get     'accept-ranges': 'bytes',
93 silly registry.get     date: 'Wed, 27 May 2015 21:06:16 GMT',
93 silly registry.get     via: '1.1 varnish',
93 silly registry.get     age: '17',
93 silly registry.get     connection: 'keep-alive',
93 silly registry.get     'x-served-by': 'cache-lcy1121-LCY',
93 silly registry.get     'x-cache': 'HIT',
93 silly registry.get     'x-cache-hits': '35',
93 silly registry.get     'x-timer': 'S1432760776.583741,VS0,VE0',
93 silly registry.get     vary: 'Accept' } ]
94 silly addNameRange number 2 { name: 'grunt-contrib-watch', range: '*', hasData: true }
95 silly addNameRange versions [ 'grunt-contrib-watch',
95 silly addNameRange   [ '0.1.0',
95 silly addNameRange     '0.1.1',
95 silly addNameRange     '0.1.2',
95 silly addNameRange     '0.1.3',
95 silly addNameRange     '0.1.4',
95 silly addNameRange     '0.2.0',
95 silly addNameRange     '0.3.0',
95 silly addNameRange     '0.3.1',
95 silly addNameRange     '0.4.0',
95 silly addNameRange     '0.4.1',
95 silly addNameRange     '0.4.2',
95 silly addNameRange     '0.4.3',
95 silly addNameRange     '0.4.4',
95 silly addNameRange     '0.5.0',
95 silly addNameRange     '0.5.1',
95 silly addNameRange     '0.5.2',
95 silly addNameRange     '0.5.3',
95 silly addNameRange     '0.6.0',
95 silly addNameRange     '0.6.1',
95 silly addNameRange     '0.2.0-a',
95 silly addNameRange     '0.2.0-rc5',
95 silly addNameRange     '0.2.0-rc7' ] ]
96 verbose addNamed [ 'grunt-contrib-watch', '0.6.1' ]
97 verbose addNamed [ '0.6.1', '0.6.1' ]
98 silly lockFile 08049756-grunt-contrib-watch-0-6-1 grunt-contrib-watch@0.6.1
99 verbose lock grunt-contrib-watch@0.6.1 C:\Users\ace\AppData\Roaming\npm-cache\08049756-grunt-contrib-watch-0-6-1.lock
100 http 200 https://registry.npmjs.org/grunt-contrib-uglify
101 silly registry.get cb [ 200,
101 silly registry.get   { server: 'CouchDB/1.5.0 (Erlang OTP/R16B03)',
101 silly registry.get     etag: '"1ZHGVXAR9ONOJ3Q5LIW6B0GVU"',
101 silly registry.get     'content-type': 'application/json',
101 silly registry.get     'cache-control': 'max-age=60',
101 silly registry.get     'content-length': '65624',
101 silly registry.get     'accept-ranges': 'bytes',
101 silly registry.get     date: 'Wed, 27 May 2015 21:06:16 GMT',
101 silly registry.get     via: '1.1 varnish',
101 silly registry.get     age: '17',
101 silly registry.get     connection: 'keep-alive',
101 silly registry.get     'x-served-by': 'cache-lcy1126-LCY',
101 silly registry.get     'x-cache': 'HIT',
101 silly registry.get     'x-cache-hits': '1',
101 silly registry.get     'x-timer': 'S1432760776.593634,VS0,VE0',
101 silly registry.get     vary: 'Accept' } ]
102 silly lockFile 08049756-grunt-contrib-watch-0-6-1 grunt-contrib-watch@0.6.1
103 silly lockFile 08049756-grunt-contrib-watch-0-6-1 grunt-contrib-watch@0.6.1
104 silly lockFile b64937f1-grunt-contrib-watch grunt-contrib-watch@
105 silly lockFile b64937f1-grunt-contrib-watch grunt-contrib-watch@
106 silly addNameRange number 2 { name: 'grunt-contrib-uglify', range: '*', hasData: true }
107 silly addNameRange versions [ 'grunt-contrib-uglify',
107 silly addNameRange   [ '0.1.0',
107 silly addNameRange     '0.1.1',
107 silly addNameRange     '0.1.2',
107 silly addNameRange     '0.2.0',
107 silly addNameRange     '0.2.1',
107 silly addNameRange     '0.2.2',
107 silly addNameRange     '0.2.3',
107 silly addNameRange     '0.2.4',
107 silly addNameRange     '0.2.5',
107 silly addNameRange     '0.2.6',
107 silly addNameRange     '0.2.7',
107 silly addNameRange     '0.3.0',
107 silly addNameRange     '0.3.1',
107 silly addNameRange     '0.1.1-rc5',
107 silly addNameRange     '0.1.1-rc6',
107 silly addNameRange     '0.3.2',
107 silly addNameRange     '0.3.3',
107 silly addNameRange     '0.4.0',
107 silly addNameRange     '0.5.0',
107 silly addNameRange     '0.4.1',
107 silly addNameRange     '0.5.1',
107 silly addNameRange     '0.6.0',
107 silly addNameRange     '0.7.0',
107 silly addNameRange     '0.8.0',
107 silly addNameRange     '0.8.1',
107 silly addNameRange     '0.9.0',
107 silly addNameRange     '0.9.1' ] ]
108 verbose addNamed [ 'grunt-contrib-uglify', '0.9.1' ]
109 verbose addNamed [ '0.9.1', '0.9.1' ]
110 silly lockFile 59c70bbc-grunt-contrib-uglify-0-9-1 grunt-contrib-uglify@0.9.1
111 verbose lock grunt-contrib-uglify@0.9.1 C:\Users\ace\AppData\Roaming\npm-cache\59c70bbc-grunt-contrib-uglify-0-9-1.lock
112 silly lockFile 59c70bbc-grunt-contrib-uglify-0-9-1 grunt-contrib-uglify@0.9.1
113 silly lockFile 59c70bbc-grunt-contrib-uglify-0-9-1 grunt-contrib-uglify@0.9.1
114 silly lockFile 1f4692e4-grunt-contrib-uglify grunt-contrib-uglify@
115 silly lockFile 1f4692e4-grunt-contrib-uglify grunt-contrib-uglify@
116 http 404 https://registry.npmjs.org/grunt-modernizer
117 verbose headers { server: 'CouchDB/1.5.0 (Erlang OTP/R16B03)',
117 verbose headers   'content-type': 'application/json',
117 verbose headers   'cache-control': 'max-age=0',
117 verbose headers   'content-length': '51',
117 verbose headers   'accept-ranges': 'bytes',
117 verbose headers   date: 'Wed, 27 May 2015 21:06:16 GMT',
117 verbose headers   via: '1.1 varnish',
117 verbose headers   age: '0',
117 verbose headers   connection: 'keep-alive',
117 verbose headers   'x-served-by': 'cache-lcy1134-LCY',
117 verbose headers   'x-cache': 'MISS',
117 verbose headers   'x-cache-hits': '0',
117 verbose headers   'x-timer': 'S1432760776.589110,VS0,VE351' }
118 silly registry.get cb [ 404,
118 silly registry.get   { server: 'CouchDB/1.5.0 (Erlang OTP/R16B03)',
118 silly registry.get     'content-type': 'application/json',
118 silly registry.get     'cache-control': 'max-age=0',
118 silly registry.get     'content-length': '51',
118 silly registry.get     'accept-ranges': 'bytes',
118 silly registry.get     date: 'Wed, 27 May 2015 21:06:16 GMT',
118 silly registry.get     via: '1.1 varnish',
118 silly registry.get     age: '0',
118 silly registry.get     connection: 'keep-alive',
118 silly registry.get     'x-served-by': 'cache-lcy1134-LCY',
118 silly registry.get     'x-cache': 'MISS',
118 silly registry.get     'x-cache-hits': '0',
118 silly registry.get     'x-timer': 'S1432760776.589110,VS0,VE351' } ]
119 silly lockFile 85ec5dfe-grunt-modernizer grunt-modernizer@
120 silly lockFile 85ec5dfe-grunt-modernizer grunt-modernizer@
121 http 200 https://registry.npmjs.org/grunt-prettify
122 silly registry.get cb [ 200,
122 silly registry.get   { server: 'CouchDB/1.5.0 (Erlang OTP/R16B03)',
122 silly registry.get     etag: '"COIPYJQIY71UWYFJTWA205KKO"',
122 silly registry.get     'content-type': 'application/json',
122 silly registry.get     'cache-control': 'max-age=60',
122 silly registry.get     'content-length': '36888',
122 silly registry.get     'accept-ranges': 'bytes',
122 silly registry.get     date: 'Wed, 27 May 2015 21:06:16 GMT',
122 silly registry.get     via: '1.1 varnish',
122 silly registry.get     age: '0',
122 silly registry.get     connection: 'keep-alive',
122 silly registry.get     'x-served-by': 'cache-lcy1126-LCY',
122 silly registry.get     'x-cache': 'MISS',
122 silly registry.get     'x-cache-hits': '0',
122 silly registry.get     'x-timer': 'S1432760776.574708,VS0,VE314',
122 silly registry.get     vary: 'Accept' } ]
123 silly addNameRange number 2 { name: 'grunt-prettify', range: '*', hasData: true }
124 silly addNameRange versions [ 'grunt-prettify',
124 silly addNameRange   [ '0.1.1',
124 silly addNameRange     '0.1.2',
124 silly addNameRange     '0.1.3',
124 silly addNameRange     '0.1.4',
124 silly addNameRange     '0.1.5',
124 silly addNameRange     '0.2.0',
124 silly addNameRange     '0.2.1',
124 silly addNameRange     '0.2.2',
124 silly addNameRange     '0.2.4',
124 silly addNameRange     '0.2.5',
124 silly addNameRange     '0.2.6',
124 silly addNameRange     '0.2.7',
124 silly addNameRange     '0.2.8',
124 silly addNameRange     '0.2.9',
124 silly addNameRange     '0.3.0',
124 silly addNameRange     '0.3.1',
124 silly addNameRange     '0.3.2',
124 silly addNameRange     '0.3.3',
124 silly addNameRange     '0.3.4',
124 silly addNameRange     '0.3.5',
124 silly addNameRange     '0.4.0' ] ]
125 verbose addNamed [ 'grunt-prettify', '0.4.0' ]
126 verbose addNamed [ '0.4.0', '0.4.0' ]
127 silly lockFile 723997d3-grunt-prettify-0-4-0 grunt-prettify@0.4.0
128 verbose lock grunt-prettify@0.4.0 C:\Users\ace\AppData\Roaming\npm-cache\723997d3-grunt-prettify-0-4-0.lock
129 silly lockFile c2fbdc51-rettify-grunt-prettify-0-4-0-tgz https://registry.npmjs.org/grunt-prettify/-/grunt-prettify-0.4.0.tgz
130 verbose lock https://registry.npmjs.org/grunt-prettify/-/grunt-prettify-0.4.0.tgz C:\Users\ace\AppData\Roaming\npm-cache\c2fbdc51-rettify-grunt-prettify-0-4-0-tgz.lock
131 verbose addRemoteTarball [ 'https://registry.npmjs.org/grunt-prettify/-/grunt-prettify-0.4.0.tgz',
131 verbose addRemoteTarball   'fc853db4245d4908ab6e35afb5277213eddc194b' ]
132 info retry fetch attempt 1 at 22:06:15
133 verbose fetch to= C:\Users\ace\AppData\Local\Temp\npm-6004-Re31HJ9h\registry.npmjs.org\grunt-prettify\-\grunt-prettify-0.4.0.tgz
134 http GET https://registry.npmjs.org/grunt-prettify/-/grunt-prettify-0.4.0.tgz
135 http 200 https://registry.npmjs.org/grunt-prettify/-/grunt-prettify-0.4.0.tgz
136 silly lockFile c2fbdc51-rettify-grunt-prettify-0-4-0-tgz https://registry.npmjs.org/grunt-prettify/-/grunt-prettify-0.4.0.tgz
137 silly lockFile c2fbdc51-rettify-grunt-prettify-0-4-0-tgz https://registry.npmjs.org/grunt-prettify/-/grunt-prettify-0.4.0.tgz
138 silly lockFile 723997d3-grunt-prettify-0-4-0 grunt-prettify@0.4.0
139 silly lockFile 723997d3-grunt-prettify-0-4-0 grunt-prettify@0.4.0
140 silly lockFile 81ad31a0-grunt-prettify grunt-prettify@
141 silly lockFile 81ad31a0-grunt-prettify grunt-prettify@
142 error 404 404 Not Found: grunt-modernizer
142 error 404
142 error 404 'grunt-modernizer' is not in the npm registry.
142 error 404 You should bug the author to publish it
142 error 404 It was specified as a dependency of 'casadoprincipe'
142 error 404
142 error 404 Note that you can also install from a
142 error 404 tarball, folder, or http url, or git url.
143 error System Windows_NT 6.1.7601
144 error command "C:\\Program Files\\nodejs\\\\node.exe" "C:\\Program Files\\nodejs\\node_modules\\npm\\bin\\npm-cli.js" "install" "grunt-contrib-uglify" "grunt-contrib-watch" "grunt-modernizer" "grunt-prettify"
145 error cwd E:\gitroot\casadoprincipe
146 error node -v v0.10.36
147 error npm -v 1.4.28
148 error code E404
149 verbose exit [ 1, true ]
